c:\users\jaspe\source\repos\sfmlcorona\sfmlcorona\x64\debug\vc142.pdb
c:\users\jaspe\source\repos\sfmlcorona\sfmlcorona\x64\debug\vc142.idb
c:\users\jaspe\source\repos\sfmlcorona\sfmlcorona\x64\debug\ui.obj
c:\users\jaspe\source\repos\sfmlcorona\sfmlcorona\x64\debug\person.obj
c:\users\jaspe\source\repos\sfmlcorona\sfmlcorona\x64\debug\mobilitymodel.obj
c:\users\jaspe\source\repos\sfmlcorona\sfmlcorona\x64\debug\main.obj
c:\users\jaspe\source\repos\sfmlcorona\sfmlcorona\x64\debug\location.obj
c:\users\jaspe\source\repos\sfmlcorona\sfmlcorona\x64\debug\ppmodule.obj
c:\users\jaspe\source\repos\sfmlcorona\sfmlcorona\x64\debug\simulator.obj
c:\users\jaspe\source\repos\sfmlcorona\sfmlcorona\x64\debug\settings.obj
c:\users\jaspe\source\repos\sfmlcorona\sfmlcorona\x64\debug\graph.obj
c:\users\jaspe\source\repos\sfmlcorona\sfmlcorona\x64\debug\popularplace.obj
c:\users\jaspe\source\repos\sfmlcorona\x64\debug\sfmlcorona.exe
c:\users\jaspe\source\repos\sfmlcorona\x64\debug\sfmlcorona.ilk
c:\users\jaspe\source\repos\sfmlcorona\x64\debug\sfmlcorona.pdb
c:\users\jaspe\source\repos\sfmlcorona\sfmlcorona\x64\debug\sfmlcorona.res
c:\users\jaspe\source\repos\sfmlcorona\sfmlcorona\x64\debug\sfmlcorona.tlog\cl.command.1.tlog
c:\users\jaspe\source\repos\sfmlcorona\sfmlcorona\x64\debug\sfmlcorona.tlog\cl.read.1.tlog
c:\users\jaspe\source\repos\sfmlcorona\sfmlcorona\x64\debug\sfmlcorona.tlog\cl.write.1.tlog
c:\users\jaspe\source\repos\sfmlcorona\sfmlcorona\x64\debug\sfmlcorona.tlog\link.command.1.tlog
c:\users\jaspe\source\repos\sfmlcorona\sfmlcorona\x64\debug\sfmlcorona.tlog\link.read.1.tlog
c:\users\jaspe\source\repos\sfmlcorona\sfmlcorona\x64\debug\sfmlcorona.tlog\link.write.1.tlog
c:\users\jaspe\source\repos\sfmlcorona\sfmlcorona\x64\debug\sfmlcorona.tlog\rc.command.1.tlog
c:\users\jaspe\source\repos\sfmlcorona\sfmlcorona\x64\debug\sfmlcorona.tlog\rc.read.1.tlog
c:\users\jaspe\source\repos\sfmlcorona\sfmlcorona\x64\debug\sfmlcorona.tlog\rc.write.1.tlog
