  popularplace.cpp
C:\Users\jaspe\source\repos\SFMLCorona\SFMLCorona\popularplace.cpp(17,35): warning C4244: 'argument': conversion from 'int' to 'T', possible loss of data
          with
          [
              T=float
          ]
C:\Users\jaspe\source\repos\SFMLCorona\SFMLCorona\popularplace.cpp(17,28): warning C4244: 'argument': conversion from 'int' to 'T', possible loss of data
          with
          [
              T=float
          ]
C:\Users\jaspe\source\repos\SFMLCorona\SFMLCorona\popularplace.cpp(18,68): warning C4244: 'argument': conversion from 'int' to 'T', possible loss of data
          with
          [
              T=float
          ]
C:\Users\jaspe\source\repos\SFMLCorona\SFMLCorona\popularplace.cpp(18,42): warning C4244: 'argument': conversion from 'int' to 'T', possible loss of data
          with
          [
              T=float
          ]
  simulator.cpp
C:\Users\jaspe\source\repos\SFMLCorona\SFMLCorona\simulator.cpp(79,35): warning C4244: 'argument': conversion from 'int' to 'float', possible loss of data
C:\Users\jaspe\source\repos\SFMLCorona\SFMLCorona\simulator.cpp(80,30): warning C4244: '=': conversion from 'int' to 'float', possible loss of data
C:\Users\jaspe\source\repos\SFMLCorona\SFMLCorona\simulator.cpp(86,40): warning C4244: 'argument': conversion from 'int' to 'float', possible loss of data
C:\Users\jaspe\source\repos\SFMLCorona\SFMLCorona\simulator.cpp(88,30): warning C4244: '=': conversion from 'int' to 'float', possible loss of data
C:\Users\jaspe\source\repos\SFMLCorona\SFMLCorona\simulator.cpp(109,65): warning C4267: 'argument': conversion from 'size_t' to 'int', possible loss of data
  Generating Code...
  SFMLCorona.vcxproj -> C:\Users\jaspe\source\repos\SFMLCorona\x64\Debug\SFMLCorona.exe
